2021-03-06 13:35:50 [main] INFO  DataBaseTestConfig:14 - Create DB connection
2021-03-06 13:35:51 [main] INFO  DataBaseTestConfig:24 - Closing DB connection
2021-03-06 13:35:51 [main] INFO  DataBaseTestConfig:14 - Create DB connection
2021-03-06 13:35:51 [main] INFO  DataBaseTestConfig:46 - Closing Result Set
2021-03-06 13:35:51 [main] INFO  DataBaseTestConfig:35 - Closing Prepared Statement
2021-03-06 13:35:51 [main] INFO  DataBaseTestConfig:24 - Closing DB connection
2021-03-06 13:35:51 [main] INFO  DataBaseTestConfig:14 - Create DB connection
2021-03-06 13:35:51 [main] INFO  DataBaseTestConfig:35 - Closing Prepared Statement
2021-03-06 13:35:51 [main] INFO  DataBaseTestConfig:24 - Closing DB connection
2021-03-06 13:35:51 [main] INFO  DataBaseTestConfig:14 - Create DB connection
2021-03-06 13:35:51 [main] INFO  DataBaseTestConfig:24 - Closing DB connection
2021-03-06 13:35:51 [main] INFO  DataBaseTestConfig:14 - Create DB connection
2021-03-06 13:35:51 [main] INFO  DataBaseTestConfig:46 - Closing Result Set
2021-03-06 13:35:51 [main] INFO  DataBaseTestConfig:35 - Closing Prepared Statement
2021-03-06 13:35:51 [main] INFO  DataBaseTestConfig:24 - Closing DB connection
2021-03-06 13:35:51 [main] ERROR ParkingService:117 - Unable to process exiting vehicle
java.lang.IllegalArgumentException: Out time provided is incorrect:Sat Mar 06 13:35:51 CET 2021
	at com.parkit.parkingsystem.service.FareCalculatorService.calculateFare(FareCalculatorService.java:13) ~[classes/:?]
	at com.parkit.parkingsystem.service.ParkingService.processExitingVehicle(ParkingService.java:106) ~[classes/:?]
	at com.parkit.parkingsystem.integration.ParkingDataBaseIT.testParkingLotExitCar(ParkingDataBaseIT.java:83) ~[test-classes/:?]
	at jdk.internal.reflect.NativeMethodAccessorImpl.invoke0(Native Method) ~[?:?]
	at jdk.internal.reflect.NativeMethodAccessorImpl.invoke(NativeMethodAccessorImpl.java:64) ~[?:?]
	at jdk.internal.reflect.DelegatingMethodAccessorImpl.invoke(DelegatingMethodAccessorImpl.java:43) ~[?:?]
	at java.lang.reflect.Method.invoke(Method.java:564) ~[?:?]
	at org.junit.platform.commons.util.ReflectionUtils.invokeMethod(ReflectionUtils.java:532) ~[junit-platform-commons-1.3.2.jar:1.3.2]
	at org.junit.jupiter.engine.execution.ExecutableInvoker.invoke(ExecutableInvoker.java:115) ~[junit-jupiter-engine-5.3.2.jar:5.3.2]
	at org.junit.jupiter.engine.descriptor.TestMethodTestDescriptor.lambda$invokeTestMethod$6(TestMethodTestDescriptor.java:171) ~[junit-jupiter-engine-5.3.2.jar:5.3.2]
	at org.junit.platform.engine.support.hierarchical.ThrowableCollector.execute(ThrowableCollector.java:72) ~[junit-platform-engine-1.3.2.jar:1.3.2]
	at org.junit.jupiter.engine.descriptor.TestMethodTestDescriptor.invokeTestMethod(TestMethodTestDescriptor.java:167) ~[junit-jupiter-engine-5.3.2.jar:5.3.2]
	at org.junit.jupiter.engine.descriptor.TestMethodTestDescriptor.execute(TestMethodTestDescriptor.java:114) ~[junit-jupiter-engine-5.3.2.jar:5.3.2]
	at org.junit.jupiter.engine.descriptor.TestMethodTestDescriptor.execute(TestMethodTestDescriptor.java:59) ~[junit-jupiter-engine-5.3.2.jar:5.3.2]
	at org.junit.platform.engine.support.hierarchical.NodeTestTask.lambda$executeRecursively$4(NodeTestTask.java:108) ~[junit-platform-engine-1.3.2.jar:1.3.2]
	at org.junit.platform.engine.support.hierarchical.ThrowableCollector.execute(ThrowableCollector.java:72) ~[junit-platform-engine-1.3.2.jar:1.3.2]
	at org.junit.platform.engine.support.hierarchical.NodeTestTask.executeRecursively(NodeTestTask.java:98) ~[junit-platform-engine-1.3.2.jar:1.3.2]
	at org.junit.platform.engine.support.hierarchical.NodeTestTask.execute(NodeTestTask.java:74) ~[junit-platform-engine-1.3.2.jar:1.3.2]
	at java.util.ArrayList.forEach(ArrayList.java:1511) ~[?:?]
	at org.junit.platform.engine.support.hierarchical.SameThreadHierarchicalTestExecutorService.invokeAll(SameThreadHierarchicalTestExecutorService.java:38) ~[junit-platform-engine-1.3.2.jar:1.3.2]
	at org.junit.platform.engine.support.hierarchical.NodeTestTask.lambda$executeRecursively$4(NodeTestTask.java:112) ~[junit-platform-engine-1.3.2.jar:1.3.2]
	at org.junit.platform.engine.support.hierarchical.ThrowableCollector.execute(ThrowableCollector.java:72) ~[junit-platform-engine-1.3.2.jar:1.3.2]
	at org.junit.platform.engine.support.hierarchical.NodeTestTask.executeRecursively(NodeTestTask.java:98) ~[junit-platform-engine-1.3.2.jar:1.3.2]
	at org.junit.platform.engine.support.hierarchical.NodeTestTask.execute(NodeTestTask.java:74) ~[junit-platform-engine-1.3.2.jar:1.3.2]
	at java.util.ArrayList.forEach(ArrayList.java:1511) ~[?:?]
	at org.junit.platform.engine.support.hierarchical.SameThreadHierarchicalTestExecutorService.invokeAll(SameThreadHierarchicalTestExecutorService.java:38) ~[junit-platform-engine-1.3.2.jar:1.3.2]
	at org.junit.platform.engine.support.hierarchical.NodeTestTask.lambda$executeRecursively$4(NodeTestTask.java:112) ~[junit-platform-engine-1.3.2.jar:1.3.2]
	at org.junit.platform.engine.support.hierarchical.ThrowableCollector.execute(ThrowableCollector.java:72) ~[junit-platform-engine-1.3.2.jar:1.3.2]
	at org.junit.platform.engine.support.hierarchical.NodeTestTask.executeRecursively(NodeTestTask.java:98) ~[junit-platform-engine-1.3.2.jar:1.3.2]
	at org.junit.platform.engine.support.hierarchical.NodeTestTask.execute(NodeTestTask.java:74) ~[junit-platform-engine-1.3.2.jar:1.3.2]
	at org.junit.platform.engine.support.hierarchical.SameThreadHierarchicalTestExecutorService.submit(SameThreadHierarchicalTestExecutorService.java:32) ~[junit-platform-engine-1.3.2.jar:1.3.2]
	at org.junit.platform.engine.support.hierarchical.HierarchicalTestExecutor.execute(HierarchicalTestExecutor.java:57) ~[junit-platform-engine-1.3.2.jar:1.3.2]
	at org.junit.platform.engine.support.hierarchical.HierarchicalTestEngine.execute(HierarchicalTestEngine.java:51) ~[junit-platform-engine-1.3.2.jar:1.3.2]
	at org.junit.platform.launcher.core.DefaultLauncher.execute(DefaultLauncher.java:220) ~[junit-platform-launcher-1.3.2.jar:1.3.2]
	at org.junit.platform.launcher.core.DefaultLauncher.lambda$execute$6(DefaultLauncher.java:188) ~[junit-platform-launcher-1.3.2.jar:1.3.2]
	at org.junit.platform.launcher.core.DefaultLauncher.withInterceptedStreams(DefaultLauncher.java:202) [junit-platform-launcher-1.3.2.jar:1.3.2]
	at org.junit.platform.launcher.core.DefaultLauncher.execute(DefaultLauncher.java:181) [junit-platform-launcher-1.3.2.jar:1.3.2]
	at org.junit.platform.launcher.core.DefaultLauncher.execute(DefaultLauncher.java:128) [junit-platform-launcher-1.3.2.jar:1.3.2]
	at com.intellij.junit5.JUnit5IdeaTestRunner.startRunnerWithArgs(JUnit5IdeaTestRunner.java:71) [junit5-rt.jar:?]
	at com.intellij.rt.junit.IdeaTestRunner$Repeater.startRunnerWithArgs(IdeaTestRunner.java:33) [junit-rt.jar:?]
	at com.intellij.rt.junit.JUnitStarter.prepareStreamsAndStart(JUnitStarter.java:220) [junit-rt.jar:?]
	at com.intellij.rt.junit.JUnitStarter.main(JUnitStarter.java:53) [junit-rt.jar:?]
2021-03-06 13:35:51 [main] INFO  DataBaseTestConfig:14 - Create DB connection
2021-03-06 13:35:51 [main] INFO  DataBaseTestConfig:46 - Closing Result Set
2021-03-06 13:35:51 [main] INFO  DataBaseTestConfig:35 - Closing Prepared Statement
2021-03-06 13:35:51 [main] INFO  DataBaseTestConfig:24 - Closing DB connection
2021-03-06 13:35:51 [main] INFO  DataBaseTestConfig:14 - Create DB connection
2021-03-06 13:35:51 [main] INFO  DataBaseTestConfig:46 - Closing Result Set
2021-03-06 13:35:51 [main] INFO  DataBaseTestConfig:35 - Closing Prepared Statement
2021-03-06 13:35:51 [main] INFO  DataBaseTestConfig:24 - Closing DB connection
2021-03-06 15:00:09 [main] INFO  DataBaseTestConfig:14 - Create DB connection
2021-03-06 15:00:09 [main] INFO  DataBaseTestConfig:24 - Closing DB connection
2021-03-06 15:00:09 [main] INFO  DataBaseTestConfig:14 - Create DB connection
2021-03-06 15:00:09 [main] INFO  DataBaseTestConfig:46 - Closing Result Set
2021-03-06 15:00:09 [main] INFO  DataBaseTestConfig:35 - Closing Prepared Statement
2021-03-06 15:00:09 [main] INFO  DataBaseTestConfig:24 - Closing DB connection
2021-03-06 15:00:09 [main] INFO  DataBaseTestConfig:14 - Create DB connection
2021-03-06 15:00:09 [main] INFO  DataBaseTestConfig:35 - Closing Prepared Statement
2021-03-06 15:00:09 [main] INFO  DataBaseTestConfig:24 - Closing DB connection
2021-03-06 15:00:09 [main] INFO  DataBaseTestConfig:14 - Create DB connection
2021-03-06 15:00:09 [main] INFO  DataBaseTestConfig:24 - Closing DB connection
2021-03-06 15:00:09 [main] INFO  DataBaseTestConfig:14 - Create DB connection
2021-03-06 15:00:09 [main] INFO  DataBaseTestConfig:46 - Closing Result Set
2021-03-06 15:00:09 [main] INFO  DataBaseTestConfig:35 - Closing Prepared Statement
2021-03-06 15:00:09 [main] INFO  DataBaseTestConfig:24 - Closing DB connection
2021-03-06 15:00:09 [main] ERROR ParkingService:121 - Unable to process exiting vehicle
java.lang.IllegalArgumentException: Out time provided is incorrect:Sat Mar 06 15:00:09 CET 2021
	at com.parkit.parkingsystem.service.FareCalculatorService.calculateFare(FareCalculatorService.java:15) ~[classes/:?]
	at com.parkit.parkingsystem.service.ParkingService.processExitingVehicle(ParkingService.java:110) ~[classes/:?]
	at com.parkit.parkingsystem.integration.ParkingDataBaseIT.testParkingLotExitCar(ParkingDataBaseIT.java:83) ~[test-classes/:?]
	at jdk.internal.reflect.NativeMethodAccessorImpl.invoke0(Native Method) ~[?:?]
	at jdk.internal.reflect.NativeMethodAccessorImpl.invoke(NativeMethodAccessorImpl.java:64) ~[?:?]
	at jdk.internal.reflect.DelegatingMethodAccessorImpl.invoke(DelegatingMethodAccessorImpl.java:43) ~[?:?]
	at java.lang.reflect.Method.invoke(Method.java:564) ~[?:?]
	at org.junit.platform.commons.util.ReflectionUtils.invokeMethod(ReflectionUtils.java:532) ~[junit-platform-commons-1.3.2.jar:1.3.2]
	at org.junit.jupiter.engine.execution.ExecutableInvoker.invoke(ExecutableInvoker.java:115) ~[junit-jupiter-engine-5.3.2.jar:5.3.2]
	at org.junit.jupiter.engine.descriptor.TestMethodTestDescriptor.lambda$invokeTestMethod$6(TestMethodTestDescriptor.java:171) ~[junit-jupiter-engine-5.3.2.jar:5.3.2]
	at org.junit.platform.engine.support.hierarchical.ThrowableCollector.execute(ThrowableCollector.java:72) ~[junit-platform-engine-1.3.2.jar:1.3.2]
	at org.junit.jupiter.engine.descriptor.TestMethodTestDescriptor.invokeTestMethod(TestMethodTestDescriptor.java:167) ~[junit-jupiter-engine-5.3.2.jar:5.3.2]
	at org.junit.jupiter.engine.descriptor.TestMethodTestDescriptor.execute(TestMethodTestDescriptor.java:114) ~[junit-jupiter-engine-5.3.2.jar:5.3.2]
	at org.junit.jupiter.engine.descriptor.TestMethodTestDescriptor.execute(TestMethodTestDescriptor.java:59) ~[junit-jupiter-engine-5.3.2.jar:5.3.2]
	at org.junit.platform.engine.support.hierarchical.NodeTestTask.lambda$executeRecursively$4(NodeTestTask.java:108) ~[junit-platform-engine-1.3.2.jar:1.3.2]
	at org.junit.platform.engine.support.hierarchical.ThrowableCollector.execute(ThrowableCollector.java:72) ~[junit-platform-engine-1.3.2.jar:1.3.2]
	at org.junit.platform.engine.support.hierarchical.NodeTestTask.executeRecursively(NodeTestTask.java:98) ~[junit-platform-engine-1.3.2.jar:1.3.2]
	at org.junit.platform.engine.support.hierarchical.NodeTestTask.execute(NodeTestTask.java:74) ~[junit-platform-engine-1.3.2.jar:1.3.2]
	at java.util.ArrayList.forEach(ArrayList.java:1511) ~[?:?]
	at org.junit.platform.engine.support.hierarchical.SameThreadHierarchicalTestExecutorService.invokeAll(SameThreadHierarchicalTestExecutorService.java:38) ~[junit-platform-engine-1.3.2.jar:1.3.2]
	at org.junit.platform.engine.support.hierarchical.NodeTestTask.lambda$executeRecursively$4(NodeTestTask.java:112) ~[junit-platform-engine-1.3.2.jar:1.3.2]
	at org.junit.platform.engine.support.hierarchical.ThrowableCollector.execute(ThrowableCollector.java:72) ~[junit-platform-engine-1.3.2.jar:1.3.2]
	at org.junit.platform.engine.support.hierarchical.NodeTestTask.executeRecursively(NodeTestTask.java:98) ~[junit-platform-engine-1.3.2.jar:1.3.2]
	at org.junit.platform.engine.support.hierarchical.NodeTestTask.execute(NodeTestTask.java:74) ~[junit-platform-engine-1.3.2.jar:1.3.2]
	at java.util.ArrayList.forEach(ArrayList.java:1511) ~[?:?]
	at org.junit.platform.engine.support.hierarchical.SameThreadHierarchicalTestExecutorService.invokeAll(SameThreadHierarchicalTestExecutorService.java:38) ~[junit-platform-engine-1.3.2.jar:1.3.2]
	at org.junit.platform.engine.support.hierarchical.NodeTestTask.lambda$executeRecursively$4(NodeTestTask.java:112) ~[junit-platform-engine-1.3.2.jar:1.3.2]
	at org.junit.platform.engine.support.hierarchical.ThrowableCollector.execute(ThrowableCollector.java:72) ~[junit-platform-engine-1.3.2.jar:1.3.2]
	at org.junit.platform.engine.support.hierarchical.NodeTestTask.executeRecursively(NodeTestTask.java:98) ~[junit-platform-engine-1.3.2.jar:1.3.2]
	at org.junit.platform.engine.support.hierarchical.NodeTestTask.execute(NodeTestTask.java:74) ~[junit-platform-engine-1.3.2.jar:1.3.2]
	at org.junit.platform.engine.support.hierarchical.SameThreadHierarchicalTestExecutorService.submit(SameThreadHierarchicalTestExecutorService.java:32) ~[junit-platform-engine-1.3.2.jar:1.3.2]
	at org.junit.platform.engine.support.hierarchical.HierarchicalTestExecutor.execute(HierarchicalTestExecutor.java:57) ~[junit-platform-engine-1.3.2.jar:1.3.2]
	at org.junit.platform.engine.support.hierarchical.HierarchicalTestEngine.execute(HierarchicalTestEngine.java:51) ~[junit-platform-engine-1.3.2.jar:1.3.2]
	at org.junit.platform.launcher.core.DefaultLauncher.execute(DefaultLauncher.java:220) ~[junit-platform-launcher-1.3.2.jar:1.3.2]
	at org.junit.platform.launcher.core.DefaultLauncher.lambda$execute$6(DefaultLauncher.java:188) ~[junit-platform-launcher-1.3.2.jar:1.3.2]
	at org.junit.platform.launcher.core.DefaultLauncher.withInterceptedStreams(DefaultLauncher.java:202) [junit-platform-launcher-1.3.2.jar:1.3.2]
	at org.junit.platform.launcher.core.DefaultLauncher.execute(DefaultLauncher.java:181) [junit-platform-launcher-1.3.2.jar:1.3.2]
	at org.junit.platform.launcher.core.DefaultLauncher.execute(DefaultLauncher.java:128) [junit-platform-launcher-1.3.2.jar:1.3.2]
	at com.intellij.junit5.JUnit5IdeaTestRunner.startRunnerWithArgs(JUnit5IdeaTestRunner.java:71) [junit5-rt.jar:?]
	at com.intellij.rt.junit.IdeaTestRunner$Repeater.startRunnerWithArgs(IdeaTestRunner.java:33) [junit-rt.jar:?]
	at com.intellij.rt.junit.JUnitStarter.prepareStreamsAndStart(JUnitStarter.java:220) [junit-rt.jar:?]
	at com.intellij.rt.junit.JUnitStarter.main(JUnitStarter.java:53) [junit-rt.jar:?]
2021-03-06 15:00:09 [main] INFO  DataBaseTestConfig:14 - Create DB connection
2021-03-06 15:00:09 [main] INFO  DataBaseTestConfig:46 - Closing Result Set
2021-03-06 15:00:09 [main] INFO  DataBaseTestConfig:35 - Closing Prepared Statement
2021-03-06 15:00:09 [main] INFO  DataBaseTestConfig:24 - Closing DB connection
2021-03-06 15:00:09 [main] INFO  DataBaseTestConfig:14 - Create DB connection
2021-03-06 15:00:10 [main] INFO  DataBaseTestConfig:46 - Closing Result Set
2021-03-06 15:00:10 [main] INFO  DataBaseTestConfig:35 - Closing Prepared Statement
2021-03-06 15:00:10 [main] INFO  DataBaseTestConfig:24 - Closing DB connection
2021-03-06 15:00:10 [main] INFO  DataBaseTestConfig:14 - Create DB connection
2021-03-06 15:00:10 [main] INFO  DataBaseTestConfig:24 - Closing DB connection
2021-03-06 15:00:10 [main] INFO  DataBaseTestConfig:14 - Create DB connection
2021-03-06 15:00:10 [main] INFO  DataBaseTestConfig:46 - Closing Result Set
2021-03-06 15:00:10 [main] INFO  DataBaseTestConfig:35 - Closing Prepared Statement
2021-03-06 15:00:10 [main] INFO  DataBaseTestConfig:24 - Closing DB connection
2021-03-06 15:00:10 [main] INFO  DataBaseTestConfig:14 - Create DB connection
2021-03-06 15:00:10 [main] INFO  DataBaseTestConfig:35 - Closing Prepared Statement
2021-03-06 15:00:10 [main] INFO  DataBaseTestConfig:24 - Closing DB connection
2021-03-06 15:00:10 [main] INFO  DataBaseTestConfig:14 - Create DB connection
2021-03-06 15:00:10 [main] INFO  DataBaseTestConfig:24 - Closing DB connection
2021-03-06 15:00:10 [main] INFO  DataBaseTestConfig:14 - Create DB connection
2021-03-06 15:00:10 [main] INFO  DataBaseTestConfig:46 - Closing Result Set
2021-03-06 15:00:10 [main] INFO  DataBaseTestConfig:35 - Closing Prepared Statement
2021-03-06 15:00:10 [main] INFO  DataBaseTestConfig:24 - Closing DB connection
2021-03-06 15:00:10 [main] INFO  DataBaseTestConfig:14 - Create DB connection
2021-03-06 15:00:10 [main] INFO  DataBaseTestConfig:46 - Closing Result Set
2021-03-06 15:00:10 [main] INFO  DataBaseTestConfig:35 - Closing Prepared Statement
2021-03-06 15:00:10 [main] INFO  DataBaseTestConfig:24 - Closing DB connection
2021-03-06 15:00:10 [main] INFO  DataBaseTestConfig:14 - Create DB connection
2021-03-06 15:00:10 [main] INFO  DataBaseTestConfig:46 - Closing Result Set
2021-03-06 15:00:10 [main] INFO  DataBaseTestConfig:35 - Closing Prepared Statement
2021-03-06 15:00:10 [main] INFO  DataBaseTestConfig:24 - Closing DB connection
2021-03-06 15:40:20 [main] INFO  App:10 - Initializing Parking System
2021-03-06 15:40:20 [main] INFO  InteractiveShell:14 - App initialized!!!
2021-03-06 15:40:30 [main] INFO  DataBaseConfig:13 - Create DB connection
2021-03-06 15:40:31 [main] INFO  DataBaseConfig:44 - Closing Result Set
2021-03-06 15:40:31 [main] INFO  DataBaseConfig:33 - Closing Prepared Statement
2021-03-06 15:40:31 [main] INFO  DataBaseConfig:22 - Closing DB connection
2021-03-06 15:40:47 [main] INFO  DataBaseConfig:13 - Create DB connection
2021-03-06 15:40:47 [main] INFO  DataBaseConfig:33 - Closing Prepared Statement
2021-03-06 15:40:47 [main] INFO  DataBaseConfig:22 - Closing DB connection
2021-03-06 15:40:47 [main] INFO  DataBaseConfig:13 - Create DB connection
2021-03-06 15:40:47 [main] INFO  DataBaseConfig:22 - Closing DB connection
2021-03-06 15:40:47 [main] INFO  DataBaseConfig:13 - Create DB connection
2021-03-06 15:40:47 [main] ERROR TicketDAO:110 - Error fetching next available slot
java.lang.NullPointerException: Cannot invoke "java.util.Date.getTime()" because the return value of "com.parkit.parkingsystem.model.Ticket.getOutTime()" is null
	at com.parkit.parkingsystem.dao.TicketDAO.isReccurentUser(TicketDAO.java:101) [classes/:?]
	at com.parkit.parkingsystem.service.ParkingService.processIncomingVehicle(ParkingService.java:54) [classes/:?]
	at com.parkit.parkingsystem.service.InteractiveShell.loadInterface(InteractiveShell.java:28) [classes/:?]
	at com.parkit.parkingsystem.App.main(App.java:11) [classes/:?]
2021-03-06 15:40:47 [main] INFO  DataBaseConfig:33 - Closing Prepared Statement
2021-03-06 15:40:47 [main] INFO  DataBaseConfig:22 - Closing DB connection
2021-03-06 15:41:06 [main] INFO  DataBaseConfig:13 - Create DB connection
2021-03-06 15:41:06 [main] INFO  DataBaseConfig:44 - Closing Result Set
2021-03-06 15:41:06 [main] INFO  DataBaseConfig:33 - Closing Prepared Statement
2021-03-06 15:41:06 [main] INFO  DataBaseConfig:22 - Closing DB connection
2021-03-06 15:41:13 [main] INFO  DataBaseConfig:13 - Create DB connection
2021-03-06 15:41:13 [main] INFO  DataBaseConfig:33 - Closing Prepared Statement
2021-03-06 15:41:13 [main] INFO  DataBaseConfig:22 - Closing DB connection
2021-03-06 15:41:13 [main] INFO  DataBaseConfig:13 - Create DB connection
2021-03-06 15:41:13 [main] INFO  DataBaseConfig:22 - Closing DB connection
2021-03-06 15:41:13 [main] INFO  DataBaseConfig:13 - Create DB connection
2021-03-06 15:41:13 [main] ERROR TicketDAO:110 - Error fetching next available slot
java.lang.NullPointerException: Cannot invoke "java.util.Date.getTime()" because the return value of "com.parkit.parkingsystem.model.Ticket.getOutTime()" is null
	at com.parkit.parkingsystem.dao.TicketDAO.isReccurentUser(TicketDAO.java:101) [classes/:?]
	at com.parkit.parkingsystem.service.ParkingService.processIncomingVehicle(ParkingService.java:54) [classes/:?]
	at com.parkit.parkingsystem.service.InteractiveShell.loadInterface(InteractiveShell.java:28) [classes/:?]
	at com.parkit.parkingsystem.App.main(App.java:11) [classes/:?]
2021-03-06 15:41:13 [main] INFO  DataBaseConfig:33 - Closing Prepared Statement
2021-03-06 15:41:13 [main] INFO  DataBaseConfig:22 - Closing DB connection
