-------------------------------------------------------------------------------
Test set: com.parkit.parkingsystem.FareCalculatorServiceTest
-------------------------------------------------------------------------------
Tests run: 12, Failures: 2, Errors: 0, Skipped: 0, Time elapsed: 29.134 s <<< FAILURE! - in com.parkit.parkingsystem.FareCalculatorServiceTest
calculateDiscountFareBikeForRecurrentUser  Time elapsed: 0 s  <<< FAILURE!
org.opentest4j.AssertionFailedError: expected: <0.95> but was: <1.0>
	at com.parkit.parkingsystem.FareCalculatorServiceTest.calculateDiscountFareBikeForRecurrentUser(FareCalculatorServiceTest.java:196)

calculateDiscountFareCarForRecurrentUser  Time elapsed: 0 s  <<< FAILURE!
org.opentest4j.AssertionFailedError: expected: <1.425> but was: <1.5>
	at com.parkit.parkingsystem.FareCalculatorServiceTest.calculateDiscountFareCarForRecurrentUser(FareCalculatorServiceTest.java:181)

