-------------------------------------------------------------------------------
Test set: com.parkit.parkingsystem.ParkingServiceTest
-------------------------------------------------------------------------------
Tests run: 3, Failures: 1, Errors: 0, Skipped: 0, Time elapsed: 0.797 s <<< FAILURE! - in com.parkit.parkingsystem.ParkingServiceTest
getNextParkingNumberIfAvailableTest  Time elapsed: 0.266 s  <<< FAILURE!
org.opentest4j.AssertionFailedError: expected: <com.parkit.parkingsystem.model.ParkingSpot@1> but was: <null>
	at com.parkit.parkingsystem.ParkingServiceTest.getNextParkingNumberIfAvailableTest(ParkingServiceTest.java:108)

